Build started 2018/8/20 19:01:18.
     1>Project "E:\VS2013\Projects2013\beifen\07311153可用版本自写版本\RasterizerIII\RasterizerIII\RasterizerIII.vcxproj" on node 2 (Build target(s)).
     1>ClCompile:
         E:\VS2013\VC\bin\CL.exe /c /ZI /nologo /W3 /WX- /sdl /Od /Oy- /D WIN32 /D _DEBUG /D _WINDOWS /D _UNICODE /D UNICODE /Gm /EHsc /RTC1 /MDd /GS /fp:precise /Zc:wchar_t /Zc:forScope /Fo"Debug\\" /Fd"Debug\vc120.pdb" /Gd /TP /analyze- /errorReport:prompt RasterizerIII.cpp
         RasterizerIII.cpp
     1>e:\vs2013\projects2013\beifen\07311153可用版本自写版本\rasterizeriii\rasterizeriii\device.h(152): warning C4244: 'initializing' : conversion from 'double' to 'float', possible loss of data
     1>e:\vs2013\projects2013\beifen\07311153可用版本自写版本\rasterizeriii\rasterizeriii\device.h(153): warning C4244: 'initializing' : conversion from 'double' to 'float', possible loss of data
     1>e:\vs2013\projects2013\beifen\07311153可用版本自写版本\rasterizeriii\rasterizeriii\device.h(154): warning C4244: 'initializing' : conversion from 'double' to 'float', possible loss of data
     1>e:\vs2013\projects2013\beifen\07311153可用版本自写版本\rasterizeriii\rasterizeriii\device.h(155): warning C4244: 'initializing' : conversion from 'double' to 'float', possible loss of data
     1>e:\vs2013\projects2013\beifen\07311153可用版本自写版本\rasterizeriii\rasterizeriii\device.h(180): warning C4244: '=' : conversion from 'double' to 'UINT', possible loss of data
     1>e:\vs2013\projects2013\beifen\07311153可用版本自写版本\rasterizeriii\rasterizeriii\device.h(181): warning C4244: '=' : conversion from 'double' to 'UINT', possible loss of data
     1>e:\vs2013\projects2013\beifen\07311153可用版本自写版本\rasterizeriii\rasterizeriii\device.h(288): warning C4101: 'tangent' : unreferenced local variable
     1>e:\vs2013\projects2013\beifen\07311153可用版本自写版本\rasterizeriii\rasterizeriii\device.h(404): warning C4258: 'i' : definition from the for loop is ignored; the definition from the enclosing scope is used
                 e:\vs2013\projects2013\beifen\07311153可用版本自写版本\rasterizeriii\rasterizeriii\device.h(375) : definition of 'i' ignored
                 e:\vs2013\projects2013\beifen\07311153可用版本自写版本\rasterizeriii\rasterizeriii\device.h(345) : definition of 'i' used
     1>e:\vs2013\projects2013\beifen\07311153可用版本自写版本\rasterizeriii\rasterizeriii\device.h(446): warning C4172: returning address of local variable or temporary
     1>e:\vs2013\projects2013\beifen\07311153可用版本自写版本\rasterizeriii\rasterizeriii\device.h(453): warning C4172: returning address of local variable or temporary
     1>e:\vs2013\projects2013\beifen\07311153可用版本自写版本\rasterizeriii\rasterizeriii\device.h(549): warning C4172: returning address of local variable or temporary
     1>e:\vs2013\projects2013\beifen\07311153可用版本自写版本\rasterizeriii\rasterizeriii\device.h(556): warning C4172: returning address of local variable or temporary
     1>e:\vs2013\projects2013\beifen\07311153可用版本自写版本\rasterizeriii\rasterizeriii\device.h(562): warning C4172: returning address of local variable or temporary
     1>e:\vs2013\projects2013\beifen\07311153可用版本自写版本\rasterizeriii\rasterizeriii\device.h(663): warning C4244: '=' : conversion from 'double' to 'UINT', possible loss of data
     1>e:\vs2013\projects2013\beifen\07311153可用版本自写版本\rasterizeriii\rasterizeriii\device.h(664): warning C4244: '=' : conversion from 'double' to 'UINT', possible loss of data
     1>e:\vs2013\projects2013\beifen\07311153可用版本自写版本\rasterizeriii\rasterizeriii\device.h(674): warning C4244: 'argument' : conversion from 'const double' to 'int', possible loss of data
     1>e:\vs2013\projects2013\beifen\07311153可用版本自写版本\rasterizeriii\rasterizeriii\device.h(680): warning C4244: 'initializing' : conversion from 'int' to 'float', possible loss of data
     1>e:\vs2013\projects2013\beifen\07311153可用版本自写版本\rasterizeriii\rasterizeriii\device.h(691): warning C4244: 'argument' : conversion from 'float' to 'int', possible loss of data
     1>e:\vs2013\projects2013\beifen\07311153可用版本自写版本\rasterizeriii\rasterizeriii\device.h(951): warning C4244: 'initializing' : conversion from 'double' to 'int', possible loss of data
     1>e:\vs2013\projects2013\beifen\07311153可用版本自写版本\rasterizeriii\rasterizeriii\device.h(1121): warning C4244: 'initializing' : conversion from 'double' to 'int', possible loss of data
     1>e:\vs2013\projects2013\beifen\07311153可用版本自写版本\rasterizeriii\rasterizeriii\device.h(891): warning C4715: 'Device::CreateLight' : not all control paths return a value
       Link:
         E:\VS2013\VC\bin\link.exe /ERRORREPORT:PROMPT /OUT:"E:\VS2013\Projects2013\beifen\07311153可用版本自写版本\RasterizerIII\Debug\RasterizerIII.exe" /INCREMENTAL /NOLOGO kernel32.lib user32.lib gdi32.lib winspool.lib comdlg32.lib advapi32.lib shell32.lib ole32.lib oleaut32.lib uuid.lib odbc32.lib odbccp32.lib /MANIFEST /MANIFESTUAC:"level='asInvoker' uiAccess='false'" /manifest:embed /DEBUG /PDB:"E:\VS2013\Projects2013\beifen\07311153可用版本自写版本\RasterizerIII\Debug\RasterizerIII.pdb" /SUBSYSTEM:WINDOWS /TLBID:1 /DYNAMICBASE /NXCOMPAT /IMPLIB:"E:\VS2013\Projects2013\beifen\07311153可用版本自写版本\RasterizerIII\Debug\RasterizerIII.lib" /MACHINE:X86 Debug\RasterizerIII.res
         Debug\ObjParser.obj
         Debug\RasterizerIII.obj
         Debug\stdafx.obj
         RasterizerIII.vcxproj -> E:\VS2013\Projects2013\beifen\07311153可用版本自写版本\RasterizerIII\Debug\RasterizerIII.exe
     1>Done Building Project "E:\VS2013\Projects2013\beifen\07311153可用版本自写版本\RasterizerIII\RasterizerIII\RasterizerIII.vcxproj" (Build target(s)).

Build succeeded.

Time Elapsed 00:00:01.31
