e:\vs2013\projects2013\rasterizeriii\rasterizeriii\debug\rasterizeriii.pch
e:\vs2013\projects2013\rasterizeriii\rasterizeriii\debug\vc120.pdb
e:\vs2013\projects2013\rasterizeriii\rasterizeriii\debug\vc120.idb
e:\vs2013\projects2013\rasterizeriii\rasterizeriii\debug\stdafx.obj
e:\vs2013\projects2013\rasterizeriii\rasterizeriii\debug\objparser.obj
e:\vs2013\projects2013\rasterizeriii\rasterizeriii\debug\rasterizeriii.obj
e:\vs2013\projects2013\beifen\07311153可用版本\rasterizeriii\rasterizeriii\debug\rasterizeriii.pch
e:\vs2013\projects2013\beifen\07311153可用版本\rasterizeriii\rasterizeriii\debug\vc120.pdb
e:\vs2013\projects2013\beifen\07311153可用版本\rasterizeriii\rasterizeriii\debug\vc120.idb
e:\vs2013\projects2013\beifen\07311153可用版本\rasterizeriii\rasterizeriii\debug\stdafx.obj
e:\vs2013\projects2013\beifen\07311153可用版本\rasterizeriii\rasterizeriii\debug\objparser.obj
e:\vs2013\projects2013\beifen\07311153可用版本\rasterizeriii\rasterizeriii\debug\rasterizeriii.obj
e:\vs2013\projects2013\rasterizeriii\debug\rasterizeriii.ilk
e:\vs2013\projects2013\rasterizeriii\debug\rasterizeriii.exe
e:\vs2013\projects2013\rasterizeriii\debug\rasterizeriii.pdb
e:\vs2013\projects2013\beifen\07311153可用版本\rasterizeriii\debug\rasterizeriii.ilk
e:\vs2013\projects2013\beifen\07311153可用版本\rasterizeriii\debug\rasterizeriii.exe
e:\vs2013\projects2013\beifen\07311153可用版本\rasterizeriii\debug\rasterizeriii.pdb
e:\vs2013\projects2013\rasterizeriii\rasterizeriii\debug\rasterizeriii.res
e:\vs2013\projects2013\beifen\07311153可用版本\rasterizeriii\rasterizeriii\debug\rasterizeriii.res
e:\vs2013\projects2013\beifen\07311153可用版本\rasterizeriii\rasterizeriii\debug\shader.obj
e:\vs2013\projects2013\beifen\07311153可用版本\rasterizeriii\rasterizeriii\debug\rasterizeriii.tlog\cl.command.1.tlog
e:\vs2013\projects2013\beifen\07311153可用版本\rasterizeriii\rasterizeriii\debug\rasterizeriii.tlog\cl.read.1.tlog
e:\vs2013\projects2013\beifen\07311153可用版本\rasterizeriii\rasterizeriii\debug\rasterizeriii.tlog\cl.write.1.tlog
e:\vs2013\projects2013\beifen\07311153可用版本\rasterizeriii\rasterizeriii\debug\rasterizeriii.tlog\link.command.1.tlog
e:\vs2013\projects2013\beifen\07311153可用版本\rasterizeriii\rasterizeriii\debug\rasterizeriii.tlog\link.read.1.tlog
e:\vs2013\projects2013\beifen\07311153可用版本\rasterizeriii\rasterizeriii\debug\rasterizeriii.tlog\link.write.1.tlog
e:\vs2013\projects2013\beifen\07311153可用版本\rasterizeriii\rasterizeriii\debug\rasterizeriii.tlog\rc.command.1.tlog
e:\vs2013\projects2013\beifen\07311153可用版本\rasterizeriii\rasterizeriii\debug\rasterizeriii.tlog\rc.read.1.tlog
e:\vs2013\projects2013\beifen\07311153可用版本\rasterizeriii\rasterizeriii\debug\rasterizeriii.tlog\rc.write.1.tlog
