Build started 2018/7/17 12:07:47.
     1>Project "E:\VS2013\Projects2013\RasterizerIII\RasterizerIII\RasterizerIII.vcxproj" on node 2 (Build target(s)).
     1>ClCompile:
         E:\VS2013\VC\bin\CL.exe /c /Zi /nologo /W3 /WX- /sdl /O2 /Oi /Oy- /GL /D WIN32 /D NDEBUG /D _WINDOWS /D _UNICODE /D UNICODE /Gm- /EHsc /MD /GS /Gy /fp:precise /Zc:wchar_t /Zc:forScope /Yc"stdafx.h" /Fp"Release\RasterizerIII.pch" /Fo"Release\\" /Fd"Release\vc120.pdb" /Gd /TP /analyze- /errorReport:prompt stdafx.cpp
         stdafx.cpp
         E:\VS2013\VC\bin\CL.exe /c /Zi /nologo /W3 /WX- /sdl /O2 /Oi /Oy- /GL /D WIN32 /D NDEBUG /D _WINDOWS /D _UNICODE /D UNICODE /Gm- /EHsc /MD /GS /Gy /fp:precise /Zc:wchar_t /Zc:forScope /Yu"stdafx.h" /Fp"Release\RasterizerIII.pch" /Fo"Release\\" /Fd"Release\vc120.pdb" /Gd /TP /analyze- /errorReport:prompt RasterizerIII.cpp
         RasterizerIII.cpp
     1>e:\vs2013\projects2013\rasterizeriii\rasterizeriii\Device.h(83): warning C4244: 'argument' : conversion from 'const double' to 'int', possible loss of data
     1>e:\vs2013\projects2013\rasterizeriii\rasterizeriii\Device.h(89): warning C4244: 'initializing' : conversion from 'int' to 'float', possible loss of data
     1>e:\vs2013\projects2013\rasterizeriii\rasterizeriii\Device.h(100): warning C4244: 'argument' : conversion from 'float' to 'int', possible loss of data
     1>e:\vs2013\projects2013\rasterizeriii\rasterizeriii\Device.h(285): warning C4244: 'initializing' : conversion from 'double' to 'int', possible loss of data
     1>e:\vs2013\projects2013\rasterizeriii\rasterizeriii\Device.h(450): warning C4244: 'initializing' : conversion from 'double' to 'int', possible loss of data
       ResourceCompile:
         C:\Program Files (x86)\Windows Kits\8.1\bin\x86\rc.exe /D _UNICODE /D UNICODE /l"0x0409" /nologo /fo"Release\RasterizerIII.res" RasterizerIII.rc 
       Link:
         E:\VS2013\VC\bin\link.exe /ERRORREPORT:PROMPT /OUT:"E:\VS2013\Projects2013\RasterizerIII\Release\RasterizerIII.exe" /INCREMENTAL:NO /NOLOGO kernel32.lib user32.lib gdi32.lib winspool.lib comdlg32.lib advapi32.lib shell32.lib ole32.lib oleaut32.lib uuid.lib odbc32.lib odbccp32.lib /MANIFEST /MANIFESTUAC:"level='asInvoker' uiAccess='false'" /manifest:embed /DEBUG /PDB:"E:\VS2013\Projects2013\RasterizerIII\Release\RasterizerIII.pdb" /SUBSYSTEM:WINDOWS /OPT:REF /OPT:ICF /LTCG /TLBID:1 /DYNAMICBASE /NXCOMPAT /IMPLIB:"E:\VS2013\Projects2013\RasterizerIII\Release\RasterizerIII.lib" /MACHINE:X86 /SAFESEH Release\RasterizerIII.res
         Release\RasterizerIII.obj
         Release\stdafx.obj
         Generating code
         Finished generating code
         RasterizerIII.vcxproj -> E:\VS2013\Projects2013\RasterizerIII\Release\RasterizerIII.exe
     1>Done Building Project "E:\VS2013\Projects2013\RasterizerIII\RasterizerIII\RasterizerIII.vcxproj" (Build target(s)).

Build succeeded.

Time Elapsed 00:00:01.02
